[debug] [2022-09-29T01:15:25.731Z] ----------------------------------------------------------------------
[debug] [2022-09-29T01:15:25.733Z] Command:       C:\Program Files\nodejs\node.exe C:\Users\GAMER MACHINE\AppData\Roaming\npm\node_modules\firebase-tools\lib\bin\firebase.js init
[debug] [2022-09-29T01:15:25.733Z] CLI Version:   11.11.0
[debug] [2022-09-29T01:15:25.734Z] Platform:      win32
[debug] [2022-09-29T01:15:25.734Z] Node Version:  v16.17.0
[debug] [2022-09-29T01:15:25.734Z] Time:          Wed Sep 28 2022 20:15:25 GMT-0500 (hora estándar de Perú)
[debug] [2022-09-29T01:15:25.735Z] ----------------------------------------------------------------------
[debug] 
[debug] [2022-09-29T01:15:25.738Z] >>> [apiv2][query] GET https://firebase-public.firebaseio.com/cli.json [none]
[debug] [2022-09-29T01:15:25.757Z] > command requires scopes: ["email","openid","https://www.googleapis.com/auth/cloudplatformprojects.readonly","https://www.googleapis.com/auth/firebase","https://www.googleapis.com/auth/cloud-platform"]
[debug] [2022-09-29T01:15:25.757Z] > authorizing via signed-in user (johnlanza54@gmail.com)
[info] 
     ######## #### ########  ######## ########     ###     ######  ########
     ##        ##  ##     ## ##       ##     ##  ##   ##  ##       ##
     ######    ##  ########  ######   ########  #########  ######  ######
     ##        ##  ##    ##  ##       ##     ## ##     ##       ## ##
     ##       #### ##     ## ######## ########  ##     ##  ######  ########

You're about to initialize a Firebase project in this directory:

  E:\Cursos Web\Practicas HTML CSS JS\Ejemplos\ReactMovie\moviesTrailer\movie-trailer-app-main

[debug] [2022-09-29T01:15:26.118Z] <<< [apiv2][status] GET https://firebase-public.firebaseio.com/cli.json 200
[debug] [2022-09-29T01:15:26.118Z] <<< [apiv2][body] GET https://firebase-public.firebaseio.com/cli.json {"cloudBuildErrorAfter":1594252800000,"cloudBuildWarnAfter":1590019200000,"defaultNode10After":1594252800000,"minVersion":"3.0.5","node8DeploysDisabledAfter":1613390400000,"node8RuntimeDisabledAfter":1615809600000,"node8WarnAfter":1600128000000}
[info] 
=== Project Setup
[info] 
[info] First, let's associate this project directory with a Firebase project.
[info] You can create multiple project aliases by running firebase use --add, 
[info] but for now we'll just set up a default project.
[info] 
[debug] [2022-09-29T01:17:13.163Z] > refreshing access token with scopes: []
[debug] [2022-09-29T01:17:13.164Z] >>> [apiv2][query] POST https://www.googleapis.com/oauth2/v3/token [none]
[debug] [2022-09-29T01:17:13.165Z] >>> [apiv2][body] POST https://www.googleapis.com/oauth2/v3/token [omitted]
[debug] [2022-09-29T01:17:13.638Z] <<< [apiv2][status] POST https://www.googleapis.com/oauth2/v3/token 200
[debug] [2022-09-29T01:17:13.639Z] <<< [apiv2][body] POST https://www.googleapis.com/oauth2/v3/token [omitted]
[debug] [2022-09-29T01:17:13.652Z] >>> [apiv2][query] GET https://firebase.googleapis.com/v1beta1/projects pageSize=100
[debug] [2022-09-29T01:17:14.935Z] <<< [apiv2][status] GET https://firebase.googleapis.com/v1beta1/projects 200
[debug] [2022-09-29T01:17:14.935Z] <<< [apiv2][body] GET https://firebase.googleapis.com/v1beta1/projects [omitted]
